  Source.cpp
C:\Users\13477\source\repos\Analygraph\Analygraph\Source.cpp(48,13): warning C4244: 'initializing': conversion from 'double' to 'int', possible loss of data
C:\Users\13477\source\repos\Analygraph\Analygraph\Source.cpp(49,15): warning C4244: 'initializing': conversion from 'double' to 'int', possible loss of data
C:\Users\13477\source\repos\Analygraph\Analygraph\Source.cpp(50,14): warning C4244: 'initializing': conversion from 'double' to 'int', possible loss of data
C:\Users\13477\source\repos\Analygraph\Analygraph\Source.cpp(124,13): warning C4244: 'initializing': conversion from 'double' to 'int', possible loss of data
C:\Users\13477\source\repos\Analygraph\Analygraph\Source.cpp(125,15): warning C4244: 'initializing': conversion from 'double' to 'int', possible loss of data
C:\Users\13477\source\repos\Analygraph\Analygraph\Source.cpp(126,14): warning C4244: 'initializing': conversion from 'double' to 'int', possible loss of data
C:\Users\13477\source\repos\Analygraph\Analygraph\Source.cpp(197,13): warning C4244: 'initializing': conversion from 'double' to 'int', possible loss of data
C:\Users\13477\source\repos\Analygraph\Analygraph\Source.cpp(198,15): warning C4244: 'initializing': conversion from 'double' to 'int', possible loss of data
C:\Users\13477\source\repos\Analygraph\Analygraph\Source.cpp(199,14): warning C4244: 'initializing': conversion from 'double' to 'int', possible loss of data
C:\Users\13477\source\repos\Analygraph\Analygraph\Source.cpp(234,13): warning C4244: 'initializing': conversion from 'double' to 'int', possible loss of data
C:\Users\13477\source\repos\Analygraph\Analygraph\Source.cpp(269,13): warning C4244: 'initializing': conversion from 'double' to 'int', possible loss of data
C:\Users\13477\source\repos\Analygraph\Analygraph\Source.cpp(270,15): warning C4244: 'initializing': conversion from 'double' to 'int', possible loss of data
C:\Users\13477\source\repos\Analygraph\Analygraph\Source.cpp(271,14): warning C4244: 'initializing': conversion from 'double' to 'int', possible loss of data
C:\Users\13477\source\repos\Analygraph\Analygraph\Source.cpp(306,13): warning C4244: 'initializing': conversion from 'double' to 'int', possible loss of data
C:\Users\13477\source\repos\Analygraph\Analygraph\Source.cpp(307,15): warning C4244: 'initializing': conversion from 'double' to 'int', possible loss of data
C:\Users\13477\source\repos\Analygraph\Analygraph\Source.cpp(308,14): warning C4244: 'initializing': conversion from 'double' to 'int', possible loss of data
C:\Users\13477\source\repos\Analygraph\Analygraph\Source.cpp(336,6): warning C4102: 'end': unreferenced label
C:\Users\13477\source\repos\Analygraph\Analygraph\Source.cpp(326,6): warning C4101: 'num': unreferenced local variable
C:\Users\13477\source\repos\Analygraph\Analygraph\Source.cpp(171): warning C4715: 'color_analygraph': not all control paths return a value
C:\Users\13477\source\repos\Analygraph\Analygraph\Source.cpp(135): warning C4715: 'gray_analygraph': not all control paths return a value
C:\Users\13477\source\repos\Analygraph\Analygraph\Source.cpp(100): warning C4715: 'true_analygraph': not all control paths return a value
C:\Users\13477\source\repos\Analygraph\Analygraph\Source.cpp(208): warning C4715: 'half_analygraph': not all control paths return a value
C:\Users\13477\source\repos\Analygraph\Analygraph\Source.cpp(243): warning C4715: 'tv_analygraph': not all control paths return a value
C:\Users\13477\source\repos\Analygraph\Analygraph\Source.cpp(280): warning C4715: 'dubois_analygraph': not all control paths return a value
C:\Users\13477\source\repos\Analygraph\Analygraph\Source.cpp(317): warning C4715: 'roscolux_analygraph': not all control paths return a value
  Analygraph.vcxproj -> C:\Users\13477\source\repos\Analygraph\x64\Debug\Analygraph.exe
